Library/Bee/Android/Prj/Mono2x/Gradle/launcher/build/intermediates/manifest_merge_blame_file/release/manifest-merger-blame-release-report.txt
1<?xml version="1.0" encoding="utf-8"?>
2<manifest xmlns:android="http://schemas.android.com/apk/res/android"
3    package="kursik.com.firebase.Android"
4    android:installLocation="preferExternal"
5    android:versionCode="1"
6    android:versionName="1.0" >
7
8    <uses-sdk
9        android:minSdkVersion="22"
9-->src\main\AndroidManifest.xml
10        android:targetSdkVersion="30" />
10-->src\main\AndroidManifest.xml
11
12    <supports-screens
12-->src\main\AndroidManifest.xml:3:3-163
13        android:anyDensity="true"
13-->src\main\AndroidManifest.xml:3:135-160
14        android:largeScreens="true"
14-->src\main\AndroidManifest.xml:3:78-105
15        android:normalScreens="true"
15-->src\main\AndroidManifest.xml:3:49-77
16        android:smallScreens="true"
16-->src\main\AndroidManifest.xml:3:21-48
17        android:xlargeScreens="true" />
17-->src\main\AndroidManifest.xml:3:106-134
18
19    <uses-feature android:glEsVersion="0x00030000" />
19-->[:unityLibrary] AndroidManifest.xml:12:5-54
19-->[:unityLibrary] AndroidManifest.xml:12:19-51
20    <uses-feature
20-->[:unityLibrary] AndroidManifest.xml:13:5-15:36
21        android:name="android.hardware.vulkan.version"
21-->[:unityLibrary] AndroidManifest.xml:14:9-55
22        android:required="false" />
22-->[:unityLibrary] AndroidManifest.xml:15:9-33
23
24    <uses-permission android:name="android.permission.INTERNET" />
24-->[:unityLibrary] AndroidManifest.xml:17:5-67
24-->[:unityLibrary] AndroidManifest.xml:17:22-64
25    <uses-permission android:name="android.permission.ACCESS_NETWORK_STATE" />
25-->[:unityLibrary] AndroidManifest.xml:18:5-79
25-->[:unityLibrary] AndroidManifest.xml:18:22-76
26
27    <uses-feature
27-->[:unityLibrary] AndroidManifest.xml:20:5-22:36
28        android:name="android.hardware.touchscreen"
28-->[:unityLibrary] AndroidManifest.xml:21:9-52
29        android:required="false" />
29-->[:unityLibrary] AndroidManifest.xml:22:9-33
30    <uses-feature
30-->[:unityLibrary] AndroidManifest.xml:23:5-25:36
31        android:name="android.hardware.touchscreen.multitouch"
31-->[:unityLibrary] AndroidManifest.xml:24:9-63
32        android:required="false" />
32-->[:unityLibrary] AndroidManifest.xml:25:9-33
33    <uses-feature
33-->[:unityLibrary] AndroidManifest.xml:26:5-28:36
34        android:name="android.hardware.touchscreen.multitouch.distinct"
34-->[:unityLibrary] AndroidManifest.xml:27:9-72
35        android:required="false" /> <!-- Create a unique permission for your app and use it so only your app can receive your OneSignal messages. -->
35-->[:unityLibrary] AndroidManifest.xml:28:9-33
36    <permission
36-->[com.onesignal:OneSignal:4.6.5] AndroidManifest.xml:7:5-9:47
37        android:name="kursik.com.firebase.Android.permission.C2D_MESSAGE"
37-->[com.onesignal:OneSignal:4.6.5] AndroidManifest.xml:8:9-63
38        android:protectionLevel="signature" />
38-->[com.onesignal:OneSignal:4.6.5] AndroidManifest.xml:9:9-44
39
40    <uses-permission android:name="kursik.com.firebase.Android.permission.C2D_MESSAGE" /> <!-- c2dm RECEIVE are basic requirements for push messages through Google's FCM -->
40-->[com.onesignal:OneSignal:4.6.5] AndroidManifest.xml:11:5-79
40-->[com.onesignal:OneSignal:4.6.5] AndroidManifest.xml:11:22-76
41    <uses-permission android:name="com.google.android.c2dm.permission.RECEIVE" /> <!-- Required, makes sure notifications are delivered on time. -->
41-->[com.onesignal:OneSignal:4.6.5] AndroidManifest.xml:17:5-82
41-->[com.onesignal:OneSignal:4.6.5] AndroidManifest.xml:17:22-79
42    <uses-permission android:name="android.permission.WAKE_LOCK" />
42-->[com.onesignal:OneSignal:4.6.5] AndroidManifest.xml:18:5-68
42-->[com.onesignal:OneSignal:4.6.5] AndroidManifest.xml:18:22-65
43    <!--
44 Required so the device vibrates on receiving a push notification.
45         Vibration settings of the device still apply.
46    -->
47    <uses-permission android:name="android.permission.VIBRATE" />
47-->[com.onesignal:OneSignal:4.6.5] AndroidManifest.xml:23:5-66
47-->[com.onesignal:OneSignal:4.6.5] AndroidManifest.xml:23:22-63
48    <!--
49 Use to restore notifications the user hasn't interacted with.
50         They could be missed notifications if the user reboots their device if this isn't in place.
51    -->
52    <uses-permission android:name="android.permission.RECEIVE_BOOT_COMPLETED" /> <!-- START: ShortcutBadger -->
52-->[com.onesignal:OneSignal:4.6.5] AndroidManifest.xml:29:5-81
52-->[com.onesignal:OneSignal:4.6.5] AndroidManifest.xml:29:22-78
53    <!-- Samsung -->
54    <uses-permission android:name="com.sec.android.provider.badge.permission.READ" />
54-->[com.onesignal:OneSignal:4.6.5] AndroidManifest.xml:31:5-86
54-->[com.onesignal:OneSignal:4.6.5] AndroidManifest.xml:31:22-83
55    <uses-permission android:name="com.sec.android.provider.badge.permission.WRITE" /> <!-- HTC -->
55-->[com.onesignal:OneSignal:4.6.5] AndroidManifest.xml:32:5-87
55-->[com.onesignal:OneSignal:4.6.5] AndroidManifest.xml:32:22-84
56    <uses-permission android:name="com.htc.launcher.permission.READ_SETTINGS" />
56-->[com.onesignal:OneSignal:4.6.5] AndroidManifest.xml:33:5-81
56-->[com.onesignal:OneSignal:4.6.5] AndroidManifest.xml:33:22-78
57    <uses-permission android:name="com.htc.launcher.permission.UPDATE_SHORTCUT" /> <!-- Sony -->
57-->[com.onesignal:OneSignal:4.6.5] AndroidManifest.xml:34:5-83
57-->[com.onesignal:OneSignal:4.6.5] AndroidManifest.xml:34:22-80
58    <uses-permission android:name="com.sonyericsson.home.permission.BROADCAST_BADGE" />
58-->[com.onesignal:OneSignal:4.6.5] AndroidManifest.xml:35:5-88
58-->[com.onesignal:OneSignal:4.6.5] AndroidManifest.xml:35:22-85
59    <uses-permission android:name="com.sonymobile.home.permission.PROVIDER_INSERT_BADGE" /> <!-- Apex -->
59-->[com.onesignal:OneSignal:4.6.5] AndroidManifest.xml:36:5-92
59-->[com.onesignal:OneSignal:4.6.5] AndroidManifest.xml:36:22-89
60    <uses-permission android:name="com.anddoes.launcher.permission.UPDATE_COUNT" /> <!-- Solid -->
60-->[com.onesignal:OneSignal:4.6.5] AndroidManifest.xml:37:5-84
60-->[com.onesignal:OneSignal:4.6.5] AndroidManifest.xml:37:22-81
61    <uses-permission android:name="com.majeur.launcher.permission.UPDATE_BADGE" /> <!-- Huawei -->
61-->[com.onesignal:OneSignal:4.6.5] AndroidManifest.xml:38:5-83
61-->[com.onesignal:OneSignal:4.6.5] AndroidManifest.xml:38:22-80
62    <uses-permission android:name="com.huawei.android.launcher.permission.CHANGE_BADGE" />
62-->[com.onesignal:OneSignal:4.6.5] AndroidManifest.xml:39:5-91
62-->[com.onesignal:OneSignal:4.6.5] AndroidManifest.xml:39:22-88
63    <uses-permission android:name="com.huawei.android.launcher.permission.READ_SETTINGS" />
63-->[com.onesignal:OneSignal:4.6.5] AndroidManifest.xml:40:5-92
63-->[com.onesignal:OneSignal:4.6.5] AndroidManifest.xml:40:22-89
64    <uses-permission android:name="com.huawei.android.launcher.permission.WRITE_SETTINGS" /> <!-- ZUK -->
64-->[com.onesignal:OneSignal:4.6.5] AndroidManifest.xml:41:5-93
64-->[com.onesignal:OneSignal:4.6.5] AndroidManifest.xml:41:22-90
65    <uses-permission android:name="android.permission.READ_APP_BADGE" /> <!-- OPPO -->
65-->[com.onesignal:OneSignal:4.6.5] AndroidManifest.xml:42:5-73
65-->[com.onesignal:OneSignal:4.6.5] AndroidManifest.xml:42:22-70
66    <uses-permission android:name="com.oppo.launcher.permission.READ_SETTINGS" />
66-->[com.onesignal:OneSignal:4.6.5] AndroidManifest.xml:43:5-82
66-->[com.onesignal:OneSignal:4.6.5] AndroidManifest.xml:43:22-79
67    <uses-permission android:name="com.oppo.launcher.permission.WRITE_SETTINGS" /> <!-- EvMe -->
67-->[com.onesignal:OneSignal:4.6.5] AndroidManifest.xml:44:5-83
67-->[com.onesignal:OneSignal:4.6.5] AndroidManifest.xml:44:22-80
68    <uses-permission android:name="me.everything.badger.permission.BADGE_COUNT_READ" />
68-->[com.onesignal:OneSignal:4.6.5] AndroidManifest.xml:45:5-88
68-->[com.onesignal:OneSignal:4.6.5] AndroidManifest.xml:45:22-85
69    <uses-permission android:name="me.everything.badger.permission.BADGE_COUNT_WRITE" />
69-->[com.onesignal:OneSignal:4.6.5] AndroidManifest.xml:46:5-89
69-->[com.onesignal:OneSignal:4.6.5] AndroidManifest.xml:46:22-86
70    <uses-permission android:name="com.google.android.gms.permission.AD_ID" />
70-->[com.google.android.gms:play-services-measurement-api:21.2.0] AndroidManifest.xml:25:5-79
70-->[com.google.android.gms:play-services-measurement-api:21.2.0] AndroidManifest.xml:25:22-76
71    <uses-permission android:name="com.google.android.finsky.permission.BIND_GET_INSTALL_REFERRER_SERVICE" />
71-->[com.google.android.gms:play-services-measurement:21.2.0] AndroidManifest.xml:26:5-110
71-->[com.google.android.gms:play-services-measurement:21.2.0] AndroidManifest.xml:26:22-107
72    <uses-permission android:name="android.permission.FOREGROUND_SERVICE" />
72-->[androidx.work:work-runtime:2.7.1] AndroidManifest.xml:28:5-77
72-->[androidx.work:work-runtime:2.7.1] AndroidManifest.xml:28:22-74
73
74    <application
74-->src\main\AndroidManifest.xml:4:3-83
75        android:appComponentFactory="androidx.core.app.CoreComponentFactory"
75-->[androidx.core:core:1.6.0] AndroidManifest.xml:24:18-86
76        android:extractNativeLibs="true"
76-->[:unityLibrary] AndroidManifest.xml:30:18-50
77        android:icon="@mipmap/app_icon"
77-->src\main\AndroidManifest.xml:4:49-80
78        android:label="@string/app_name" >
78-->src\main\AndroidManifest.xml:4:16-48
79        <activity
79-->[:unityLibrary] AndroidManifest.xml:31:9-51:20
80            android:name="com.unity3d.player.UnityPlayerActivity"
80-->[:unityLibrary] AndroidManifest.xml:32:13-66
81            android:configChanges="mcc|mnc|locale|touchscreen|keyboard|keyboardHidden|navigation|orientation|screenLayout|uiMode|screenSize|smallestScreenSize|fontScale|layoutDirection|density"
81-->[:unityLibrary] AndroidManifest.xml:33:13-194
82            android:hardwareAccelerated="true"
82-->[:unityLibrary] AndroidManifest.xml:34:13-47
83            android:launchMode="singleTask"
83-->[:unityLibrary] AndroidManifest.xml:35:13-44
84            android:resizeableActivity="false"
84-->[:unityLibrary] AndroidManifest.xml:36:13-47
85            android:screenOrientation="fullUser"
85-->[:unityLibrary] AndroidManifest.xml:37:13-49
86            android:theme="@style/UnityThemeSelector" >
86-->[:unityLibrary] AndroidManifest.xml:38:13-54
87            <intent-filter>
87-->[:unityLibrary] AndroidManifest.xml:39:13-43:29
88                <action android:name="android.intent.action.MAIN" />
88-->[:unityLibrary] AndroidManifest.xml:40:17-69
88-->[:unityLibrary] AndroidManifest.xml:40:25-66
89
90                <category android:name="android.intent.category.LAUNCHER" />
90-->[:unityLibrary] AndroidManifest.xml:42:17-77
90-->[:unityLibrary] AndroidManifest.xml:42:27-74
91            </intent-filter>
92
93            <meta-data
93-->[:unityLibrary] AndroidManifest.xml:45:13-47:40
94                android:name="unityplayer.UnityActivity"
94-->[:unityLibrary] AndroidManifest.xml:46:17-57
95                android:value="true" />
95-->[:unityLibrary] AndroidManifest.xml:47:17-37
96            <meta-data
96-->[:unityLibrary] AndroidManifest.xml:48:13-50:40
97                android:name="android.notch_support"
97-->[:unityLibrary] AndroidManifest.xml:49:17-53
98                android:value="true" />
98-->[:unityLibrary] AndroidManifest.xml:50:17-37
99        </activity>
100
101        <meta-data
101-->[:unityLibrary] AndroidManifest.xml:53:9-55:33
102            android:name="unity.splash-mode"
102-->[:unityLibrary] AndroidManifest.xml:54:13-45
103            android:value="0" />
103-->[:unityLibrary] AndroidManifest.xml:55:13-30
104        <meta-data
104-->[:unityLibrary] AndroidManifest.xml:56:9-58:36
105            android:name="unity.splash-enable"
105-->[:unityLibrary] AndroidManifest.xml:57:13-47
106            android:value="True" />
106-->[:unityLibrary] AndroidManifest.xml:58:13-33
107        <meta-data
107-->[:unityLibrary] AndroidManifest.xml:59:9-61:36
108            android:name="unity.launch-fullscreen"
108-->[:unityLibrary] AndroidManifest.xml:60:13-51
109            android:value="True" />
109-->[:unityLibrary] AndroidManifest.xml:61:13-33
110        <meta-data
110-->[:unityLibrary] AndroidManifest.xml:62:9-64:37
111            android:name="unity.allow-resizable-window"
111-->[:unityLibrary] AndroidManifest.xml:63:13-56
112            android:value="False" />
112-->[:unityLibrary] AndroidManifest.xml:64:13-34
113        <meta-data
113-->[:unityLibrary] AndroidManifest.xml:65:9-67:50
114            android:name="notch.config"
114-->[:unityLibrary] AndroidManifest.xml:66:13-40
115            android:value="portrait|landscape" />
115-->[:unityLibrary] AndroidManifest.xml:67:13-47
116
117        <provider
117-->[:unityLibrary] AndroidManifest.xml:69:9-77:20
118            android:name="androidx.core.content.FileProvider"
118-->[:unityLibrary] AndroidManifest.xml:70:13-62
119            android:authorities="kursik.com.firebase.Android.unitywebview.fileprovider"
119-->[:unityLibrary] AndroidManifest.xml:71:13-88
120            android:exported="false"
120-->[:unityLibrary] AndroidManifest.xml:72:13-37
121            android:grantUriPermissions="true" >
121-->[:unityLibrary] AndroidManifest.xml:73:13-47
122            <meta-data
122-->[:unityLibrary] AndroidManifest.xml:74:13-76:76
123                android:name="android.support.FILE_PROVIDER_PATHS"
123-->[:unityLibrary] AndroidManifest.xml:75:17-67
124                android:resource="@xml/unitywebview_file_provider_paths" />
124-->[:unityLibrary] AndroidManifest.xml:76:17-73
125        </provider>
126
127        <receiver
127-->[com.onesignal:OneSignal:4.6.5] AndroidManifest.xml:49:9-60:20
128            android:name="com.onesignal.FCMBroadcastReceiver"
128-->[com.onesignal:OneSignal:4.6.5] AndroidManifest.xml:50:13-62
129            android:exported="true"
129-->[com.onesignal:OneSignal:4.6.5] AndroidManifest.xml:51:13-36
130            android:permission="com.google.android.c2dm.permission.SEND" >
130-->[com.onesignal:OneSignal:4.6.5] AndroidManifest.xml:52:13-73
131
132            <!-- High priority so OneSignal payloads can be filtered from other FCM receivers -->
133            <intent-filter android:priority="999" >
133-->[com.onesignal:OneSignal:4.6.5] AndroidManifest.xml:55:13-59:29
133-->[com.onesignal:OneSignal:4.6.5] AndroidManifest.xml:55:28-50
134                <action android:name="com.google.android.c2dm.intent.RECEIVE" />
134-->[com.onesignal:OneSignal:4.6.5] AndroidManifest.xml:56:17-81
134-->[com.onesignal:OneSignal:4.6.5] AndroidManifest.xml:56:25-78
135
136                <category android:name="kursik.com.firebase.Android" />
136-->[com.onesignal:OneSignal:4.6.5] AndroidManifest.xml:58:17-61
136-->[com.onesignal:OneSignal:4.6.5] AndroidManifest.xml:58:27-58
137            </intent-filter>
138        </receiver>
139
140        <service
140-->[com.onesignal:OneSignal:4.6.5] AndroidManifest.xml:62:9-68:19
141            android:name="com.onesignal.HmsMessageServiceOneSignal"
141-->[com.onesignal:OneSignal:4.6.5] AndroidManifest.xml:63:13-68
142            android:exported="false" >
142-->[com.onesignal:OneSignal:4.6.5] AndroidManifest.xml:64:13-37
143            <intent-filter>
143-->[com.onesignal:OneSignal:4.6.5] AndroidManifest.xml:65:13-67:29
144                <action android:name="com.huawei.push.action.MESSAGING_EVENT" />
144-->[com.onesignal:OneSignal:4.6.5] AndroidManifest.xml:66:17-81
144-->[com.onesignal:OneSignal:4.6.5] AndroidManifest.xml:66:25-78
145            </intent-filter>
146        </service>
147
148        <activity
148-->[com.onesignal:OneSignal:4.6.5] AndroidManifest.xml:70:9-78:20
149            android:name="com.onesignal.NotificationOpenedActivityHMS"
149-->[com.onesignal:OneSignal:4.6.5] AndroidManifest.xml:71:13-71
150            android:exported="true"
150-->[com.onesignal:OneSignal:4.6.5] AndroidManifest.xml:72:13-36
151            android:noHistory="true"
151-->[com.onesignal:OneSignal:4.6.5] AndroidManifest.xml:73:13-37
152            android:theme="@android:style/Theme.Translucent.NoTitleBar" >
152-->[com.onesignal:OneSignal:4.6.5] AndroidManifest.xml:74:13-72
153            <intent-filter>
153-->[com.onesignal:OneSignal:4.6.5] AndroidManifest.xml:75:13-77:29
154                <action android:name="android.intent.action.VIEW" />
154-->[com.onesignal:OneSignal:4.6.5] AndroidManifest.xml:76:17-69
154-->[com.onesignal:OneSignal:4.6.5] AndroidManifest.xml:76:25-66
155            </intent-filter>
156        </activity>
157
158        <service
158-->[com.onesignal:OneSignal:4.6.5] AndroidManifest.xml:80:9-82:40
159            android:name="com.onesignal.FCMIntentService"
159-->[com.onesignal:OneSignal:4.6.5] AndroidManifest.xml:81:13-58
160            android:exported="false" />
160-->[com.onesignal:OneSignal:4.6.5] AndroidManifest.xml:82:13-37
161        <service
161-->[com.onesignal:OneSignal:4.6.5] AndroidManifest.xml:83:9-86:72
162            android:name="com.onesignal.FCMIntentJobService"
162-->[com.onesignal:OneSignal:4.6.5] AndroidManifest.xml:84:13-61
163            android:exported="false"
163-->[com.onesignal:OneSignal:4.6.5] AndroidManifest.xml:85:13-37
164            android:permission="android.permission.BIND_JOB_SERVICE" />
164-->[com.onesignal:OneSignal:4.6.5] AndroidManifest.xml:86:13-69
165        <service
165-->[com.onesignal:OneSignal:4.6.5] AndroidManifest.xml:87:9-90:43
166            android:name="com.onesignal.FocusDelaySyncService"
166-->[com.onesignal:OneSignal:4.6.5] AndroidManifest.xml:88:13-63
167            android:exported="false"
167-->[com.onesignal:OneSignal:4.6.5] AndroidManifest.xml:89:13-37
168            android:stopWithTask="true" />
168-->[com.onesignal:OneSignal:4.6.5] AndroidManifest.xml:90:13-40
169        <service
169-->[com.onesignal:OneSignal:4.6.5] AndroidManifest.xml:91:9-94:72
170            android:name="com.onesignal.FocusDelaySyncJobService"
170-->[com.onesignal:OneSignal:4.6.5] AndroidManifest.xml:92:13-66
171            android:exported="false"
171-->[com.onesignal:OneSignal:4.6.5] AndroidManifest.xml:93:13-37
172            android:permission="android.permission.BIND_JOB_SERVICE" />
172-->[com.onesignal:OneSignal:4.6.5] AndroidManifest.xml:94:13-69
173        <service
173-->[com.onesignal:OneSignal:4.6.5] AndroidManifest.xml:95:9-98:43
174            android:name="com.onesignal.SyncService"
174-->[com.onesignal:OneSignal:4.6.5] AndroidManifest.xml:96:13-53
175            android:exported="false"
175-->[com.onesignal:OneSignal:4.6.5] AndroidManifest.xml:97:13-37
176            android:stopWithTask="true" />
176-->[com.onesignal:OneSignal:4.6.5] AndroidManifest.xml:98:13-40
177        <service
177-->[com.onesignal:OneSignal:4.6.5] AndroidManifest.xml:99:9-102:72
178            android:name="com.onesignal.SyncJobService"
178-->[com.onesignal:OneSignal:4.6.5] AndroidManifest.xml:100:13-56
179            android:exported="false"
179-->[com.onesignal:OneSignal:4.6.5] AndroidManifest.xml:101:13-37
180            android:permission="android.permission.BIND_JOB_SERVICE" />
180-->[com.onesignal:OneSignal:4.6.5] AndroidManifest.xml:102:13-69
181
182        <activity
182-->[com.onesignal:OneSignal:4.6.5] AndroidManifest.xml:104:9-107:75
183            android:name="com.onesignal.PermissionsActivity"
183-->[com.onesignal:OneSignal:4.6.5] AndroidManifest.xml:105:13-61
184            android:exported="false"
184-->[com.onesignal:OneSignal:4.6.5] AndroidManifest.xml:106:13-37
185            android:theme="@android:style/Theme.Translucent.NoTitleBar" />
185-->[com.onesignal:OneSignal:4.6.5] AndroidManifest.xml:107:13-72
186
187        <receiver
187-->[com.onesignal:OneSignal:4.6.5] AndroidManifest.xml:109:9-111:39
188            android:name="com.onesignal.NotificationDismissReceiver"
188-->[com.onesignal:OneSignal:4.6.5] AndroidManifest.xml:110:13-69
189            android:exported="true" />
189-->[com.onesignal:OneSignal:4.6.5] AndroidManifest.xml:111:13-36
190        <receiver
190-->[com.onesignal:OneSignal:4.6.5] AndroidManifest.xml:112:9-119:20
191            android:name="com.onesignal.BootUpReceiver"
191-->[com.onesignal:OneSignal:4.6.5] AndroidManifest.xml:113:13-56
192            android:exported="true" >
192-->[com.onesignal:OneSignal:4.6.5] AndroidManifest.xml:114:13-36
193            <intent-filter>
193-->[com.onesignal:OneSignal:4.6.5] AndroidManifest.xml:115:13-118:29
194                <action android:name="android.intent.action.BOOT_COMPLETED" />
194-->[com.onesignal:OneSignal:4.6.5] AndroidManifest.xml:116:17-79
194-->[com.onesignal:OneSignal:4.6.5] AndroidManifest.xml:116:25-76
195                <action android:name="android.intent.action.QUICKBOOT_POWERON" />
195-->[com.onesignal:OneSignal:4.6.5] AndroidManifest.xml:117:17-82
195-->[com.onesignal:OneSignal:4.6.5] AndroidManifest.xml:117:25-79
196            </intent-filter>
197        </receiver>
198        <receiver
198-->[com.onesignal:OneSignal:4.6.5] AndroidManifest.xml:120:9-126:20
199            android:name="com.onesignal.UpgradeReceiver"
199-->[com.onesignal:OneSignal:4.6.5] AndroidManifest.xml:121:13-57
200            android:exported="true" >
200-->[com.onesignal:OneSignal:4.6.5] AndroidManifest.xml:122:13-36
201            <intent-filter>
201-->[com.onesignal:OneSignal:4.6.5] AndroidManifest.xml:123:13-125:29
202                <action android:name="android.intent.action.MY_PACKAGE_REPLACED" />
202-->[com.onesignal:OneSignal:4.6.5] AndroidManifest.xml:124:17-84
202-->[com.onesignal:OneSignal:4.6.5] AndroidManifest.xml:124:25-81
203            </intent-filter>
204        </receiver>
205
206        <activity
206-->[com.onesignal:OneSignal:4.6.5] AndroidManifest.xml:128:9-134:75
207            android:name="com.onesignal.NotificationOpenedReceiver"
207-->[com.onesignal:OneSignal:4.6.5] AndroidManifest.xml:129:13-68
208            android:excludeFromRecents="true"
208-->[com.onesignal:OneSignal:4.6.5] AndroidManifest.xml:130:13-46
209            android:exported="true"
209-->[com.onesignal:OneSignal:4.6.5] AndroidManifest.xml:131:13-36
210            android:noHistory="true"
210-->[com.onesignal:OneSignal:4.6.5] AndroidManifest.xml:132:13-37
211            android:taskAffinity=""
211-->[com.onesignal:OneSignal:4.6.5] AndroidManifest.xml:133:13-36
212            android:theme="@android:style/Theme.Translucent.NoTitleBar" />
212-->[com.onesignal:OneSignal:4.6.5] AndroidManifest.xml:134:13-72
213        <activity
213-->[com.onesignal:OneSignal:4.6.5] AndroidManifest.xml:135:9-140:75
214            android:name="com.onesignal.NotificationOpenedReceiverAndroid22AndOlder"
214-->[com.onesignal:OneSignal:4.6.5] AndroidManifest.xml:136:13-85
215            android:excludeFromRecents="true"
215-->[com.onesignal:OneSignal:4.6.5] AndroidManifest.xml:137:13-46
216            android:exported="true"
216-->[com.onesignal:OneSignal:4.6.5] AndroidManifest.xml:138:13-36
217            android:noHistory="true"
217-->[com.onesignal:OneSignal:4.6.5] AndroidManifest.xml:139:13-37
218            android:theme="@android:style/Theme.Translucent.NoTitleBar" />
218-->[com.onesignal:OneSignal:4.6.5] AndroidManifest.xml:140:13-72
219        <activity
219-->[com.google.android.gms:play-services-base:18.1.0] AndroidManifest.xml:20:9-22:45
220            android:name="com.google.android.gms.common.api.GoogleApiActivity"
220-->[com.google.android.gms:play-services-base:18.1.0] AndroidManifest.xml:20:19-85
221            android:exported="false"
221-->[com.google.android.gms:play-services-base:18.1.0] AndroidManifest.xml:22:19-43
222            android:theme="@android:style/Theme.Translucent.NoTitleBar" />
222-->[com.google.android.gms:play-services-base:18.1.0] AndroidManifest.xml:21:19-78
223
224        <service
224-->[com.google.firebase:firebase-config:21.2.0] AndroidManifest.xml:28:9-34:19
225            android:name="com.google.firebase.components.ComponentDiscoveryService"
225-->[com.google.firebase:firebase-config:21.2.0] AndroidManifest.xml:29:13-84
226            android:directBootAware="true"
226-->[com.google.firebase:firebase-common:20.2.0] AndroidManifest.xml:34:13-43
227            android:exported="false" >
227-->[com.google.firebase:firebase-config:21.2.0] AndroidManifest.xml:30:13-37
228            <meta-data
228-->[com.google.firebase:firebase-config:21.2.0] AndroidManifest.xml:31:13-33:85
229                android:name="com.google.firebase.components:com.google.firebase.remoteconfig.RemoteConfigRegistrar"
229-->[com.google.firebase:firebase-config:21.2.0] AndroidManifest.xml:32:17-117
230                android:value="com.google.firebase.components.ComponentRegistrar" />
230-->[com.google.firebase:firebase-config:21.2.0] AndroidManifest.xml:33:17-82
231            <meta-data
231-->[com.google.android.gms:play-services-measurement-api:21.2.0] AndroidManifest.xml:31:13-33:85
232                android:name="com.google.firebase.components:com.google.firebase.analytics.connector.internal.AnalyticsConnectorRegistrar"
232-->[com.google.android.gms:play-services-measurement-api:21.2.0] AndroidManifest.xml:32:17-139
233                android:value="com.google.firebase.components.ComponentRegistrar" />
233-->[com.google.android.gms:play-services-measurement-api:21.2.0] AndroidManifest.xml:33:17-82
234            <meta-data
234-->[com.google.firebase:firebase-abt:21.0.2] AndroidManifest.xml:13:13-15:85
235                android:name="com.google.firebase.components:com.google.firebase.abt.component.AbtRegistrar"
235-->[com.google.firebase:firebase-abt:21.0.2] AndroidManifest.xml:14:17-109
236                android:value="com.google.firebase.components.ComponentRegistrar" />
236-->[com.google.firebase:firebase-abt:21.0.2] AndroidManifest.xml:15:17-82
237            <meta-data
237-->[com.google.firebase:firebase-messaging:22.0.0] AndroidManifest.xml:52:13-54:85
238                android:name="com.google.firebase.components:com.google.firebase.messaging.FirebaseMessagingRegistrar"
238-->[com.google.firebase:firebase-messaging:22.0.0] AndroidManifest.xml:53:17-119
239                android:value="com.google.firebase.components.ComponentRegistrar" />
239-->[com.google.firebase:firebase-messaging:22.0.0] AndroidManifest.xml:54:17-82
240            <meta-data
240-->[com.google.firebase:firebase-installations:17.0.3] AndroidManifest.xml:18:13-20:85
241                android:name="com.google.firebase.components:com.google.firebase.installations.FirebaseInstallationsRegistrar"
241-->[com.google.firebase:firebase-installations:17.0.3] AndroidManifest.xml:19:17-127
242                android:value="com.google.firebase.components.ComponentRegistrar" />
242-->[com.google.firebase:firebase-installations:17.0.3] AndroidManifest.xml:20:17-82
243            <meta-data
243-->[com.google.firebase:firebase-datatransport:18.0.0] AndroidManifest.xml:28:13-30:85
244                android:name="com.google.firebase.components:com.google.firebase.datatransport.TransportRegistrar"
244-->[com.google.firebase:firebase-datatransport:18.0.0] AndroidManifest.xml:29:17-115
245                android:value="com.google.firebase.components.ComponentRegistrar" />
245-->[com.google.firebase:firebase-datatransport:18.0.0] AndroidManifest.xml:30:17-82
246        </service>
247
248        <receiver
248-->[com.google.firebase:firebase-messaging:22.0.0] AndroidManifest.xml:28:9-35:20
249            android:name="com.google.firebase.iid.FirebaseInstanceIdReceiver"
249-->[com.google.firebase:firebase-messaging:22.0.0] AndroidManifest.xml:29:13-78
250            android:exported="true"
250-->[com.google.firebase:firebase-messaging:22.0.0] AndroidManifest.xml:30:13-36
251            android:permission="com.google.android.c2dm.permission.SEND" >
251-->[com.google.firebase:firebase-messaging:22.0.0] AndroidManifest.xml:31:13-73
252            <intent-filter>
252-->[com.google.firebase:firebase-messaging:22.0.0] AndroidManifest.xml:32:13-34:29
253                <action android:name="com.google.android.c2dm.intent.RECEIVE" />
253-->[com.onesignal:OneSignal:4.6.5] AndroidManifest.xml:56:17-81
253-->[com.onesignal:OneSignal:4.6.5] AndroidManifest.xml:56:25-78
254            </intent-filter>
255        </receiver>
256        <!--
257             FirebaseMessagingService performs security checks at runtime,
258             but set to not exported to explicitly avoid allowing another app to call it.
259        -->
260        <service
260-->[com.google.firebase:firebase-messaging:22.0.0] AndroidManifest.xml:41:9-48:19
261            android:name="com.google.firebase.messaging.FirebaseMessagingService"
261-->[com.google.firebase:firebase-messaging:22.0.0] AndroidManifest.xml:42:13-82
262            android:directBootAware="true"
262-->[com.google.firebase:firebase-messaging:22.0.0] AndroidManifest.xml:43:13-43
263            android:exported="false" >
263-->[com.google.firebase:firebase-messaging:22.0.0] AndroidManifest.xml:44:13-37
264            <intent-filter android:priority="-500" >
264-->[com.google.firebase:firebase-messaging:22.0.0] AndroidManifest.xml:45:13-47:29
264-->[com.google.firebase:firebase-messaging:22.0.0] AndroidManifest.xml:45:28-51
265                <action android:name="com.google.firebase.MESSAGING_EVENT" />
265-->[com.google.firebase:firebase-messaging:22.0.0] AndroidManifest.xml:46:17-78
265-->[com.google.firebase:firebase-messaging:22.0.0] AndroidManifest.xml:46:25-75
266            </intent-filter>
267        </service>
268
269        <provider
269-->[com.google.firebase:firebase-common:20.2.0] AndroidManifest.xml:25:9-30:39
270            android:name="com.google.firebase.provider.FirebaseInitProvider"
270-->[com.google.firebase:firebase-common:20.2.0] AndroidManifest.xml:26:13-77
271            android:authorities="kursik.com.firebase.Android.firebaseinitprovider"
271-->[com.google.firebase:firebase-common:20.2.0] AndroidManifest.xml:27:13-72
272            android:directBootAware="true"